
Showing logs for build [32mcb-kubecd-bdd-gh-1588864452-mas-fp697-1[0m stage [32mfrom-build-pack[0m and container [32mstep-credential-initializer-mm7nx[0m
{"level":"info","ts":1588869782.1841295,"logger":"fallback-logger","caller":"logging/config.go:69","msg":"Fetch GitHub commit ID from kodata failed: open /var/run/ko/refs/heads/0.8.0-ns-support: no such file or directory"}
{"level":"info","ts":1588869782.1844273,"logger":"fallback-logger","caller":"creds-init/main.go:40","msg":"Credentials initialized."}

Showing logs for build [32mcb-kubecd-bdd-gh-1588864452-mas-fp697-1[0m stage [32mfrom-build-pack[0m and container [32mstep-working-dir-initializer-s8s8l[0m
{"level":"info","ts":1588869782.6850674,"logger":"fallback-logger","caller":"logging/config.go:69","msg":"Fetch GitHub commit ID from kodata failed: open /var/run/ko/HEAD: no such file or directory"}
{"level":"info","ts":1588869782.6859903,"logger":"fallback-logger","caller":"bash/main.go:64","msg":"Successfully executed command \"sh -c mkdir -p /workspace/source\"; output "}

Showing logs for build [32mcb-kubecd-bdd-gh-1588864452-mas-fp697-1[0m stage [32mfrom-build-pack[0m and container [32mstep-place-tools[0m

Showing logs for build [32mcb-kubecd-bdd-gh-1588864452-mas-fp697-1[0m stage [32mfrom-build-pack[0m and container [32mstep-git-source-cb-kubecd-bdd-gh-1588864452-mas-fp697-9xnpc[0m
{"level":"info","ts":1588869788.8071296,"logger":"fallback-logger","caller":"logging/config.go:69","msg":"Fetch GitHub commit ID from kodata failed: open /var/run/ko/refs/heads/0.8.0-ns-support: no such file or directory"}
{"level":"info","ts":1588869789.017504,"logger":"fallback-logger","caller":"git/git.go:103","msg":"Successfully cloned https://github.com/cb-kubecd/bdd-gh-1588864452.git @ v0.0.1 in path /workspace/source"}

Showing logs for build [32mcb-kubecd-bdd-gh-1588864452-mas-fp697-1[0m stage [32mfrom-build-pack[0m and container [32mstep-git-merge[0m
Using SHAs from PULL_REFS=master:548338562f6196873d63c9a572919dee047e8752
WARNING: no SHAs to merge, falling back to initial cloned commit

Showing logs for build [32mcb-kubecd-bdd-gh-1588864452-mas-fp697-1[0m stage [32mfrom-build-pack[0m and container [32mstep-setup-jx-git-credentials[0m
Generated Git credentials file /workspace/xdg_config/git/credentials

Showing logs for build [32mcb-kubecd-bdd-gh-1588864452-mas-fp697-1[0m stage [32mfrom-build-pack[0m and container [32mstep-build-make-build[0m
CGO_ENABLED=0 GO15VENDOREXPERIMENT=1 go build -ldflags '' -o bin/bdd-gh-1588864452 main.go

Showing logs for build [32mcb-kubecd-bdd-gh-1588864452-mas-fp697-1[0m stage [32mfrom-build-pack[0m and container [32mstep-build-container-build[0m
[36mINFO[0m[0000] Resolved base name scratch to scratch        
[36mINFO[0m[0000] Using dockerignore file: /workspace/source/.dockerignore 
[36mINFO[0m[0000] Resolved base name scratch to scratch        
[36mINFO[0m[0000] Built cross stage deps: map[]                
[36mINFO[0m[0000] No base image, nothing to extract            
[36mINFO[0m[0000] cmd: EXPOSE                                  
[36mINFO[0m[0000] Adding exposed port: 8080/tcp                
[36mINFO[0m[0000] Checking for cached layer 296178596335.dkr.ecr.us-east-1.amazonaws.com/todo/cache:63c63df08bfa39b42b2c24538a9d24de0c52483d4f03507c2a34189a39c3f0fa... 
[36mINFO[0m[0000] No cached layer found for cmd COPY ./bin/ /  
[36mINFO[0m[0000] Unpacking rootfs as cmd COPY ./bin/ / requires it. 
[36mINFO[0m[0000] Taking snapshot of full filesystem...        
[36mINFO[0m[0000] Resolving paths                              
[36mINFO[0m[0000] EXPOSE 8080                                  
[36mINFO[0m[0000] cmd: EXPOSE                                  
[36mINFO[0m[0000] Adding exposed port: 8080/tcp                
[36mINFO[0m[0000] No files changed in this command, skipping snapshotting. 
[36mINFO[0m[0000] ENTRYPOINT ["/bdd-gh-1588864452"]            
[36mINFO[0m[0000] No files changed in this command, skipping snapshotting. 
[36mINFO[0m[0000] COPY ./bin/ /                                
[36mINFO[0m[0000] Resolving paths                              
[36mINFO[0m[0000] Taking snapshot of files...                  
[36mINFO[0m[0001] Pushing layer 296178596335.dkr.ecr.us-east-1.amazonaws.com/todo/cache:63c63df08bfa39b42b2c24538a9d24de0c52483d4f03507c2a34189a39c3f0fa to cache now 
[33mWARN[0m[0001] error uploading layer to cache: failed to push to destination 296178596335.dkr.ecr.us-east-1.amazonaws.com/todo/cache:63c63df08bfa39b42b2c24538a9d24de0c52483d4f03507c2a34189a39c3f0fa: NAME_UNKNOWN: The repository with name 'todo/cache' does not exist in the registry with id '296178596335' 

Showing logs for build [32mcb-kubecd-bdd-gh-1588864452-mas-fp697-1[0m stage [32mfrom-build-pack[0m and container [32mstep-build-post-build[0m
no CVE provider running in the current ** namespace so skip adding image to be analysed

Showing logs for build [32mcb-kubecd-bdd-gh-1588864452-mas-fp697-1[0m stage [32mfrom-build-pack[0m and container [32mstep-promote-changelog[0m
Converted /workspace/source/charts/bdd-gh-1588864452 to an unshallow repository
Generating change log from git ref 90a915e94179f839f7fb55968e3120ae5eb3ac57 => d40cd27134f3a3f0da7cc3af8a0265b15b7138f8
Waiting for KV secrets engine to be configured...
Waiting for KV secrets engine to be configured...
Waiting for KV secrets engine to be configured...
Waiting for KV secrets engine to be configured...
Associating user x-0 in users.jenkins.io with email c**d-bot@cloudbees.com to git GitProvider user with login -0 as emails match
Adding label jenkins.io/git-github-userid=-0 to user x-0 in users.jenkins.io
WARNING: Failed to enrich commit 548338562f6196873d63c9a572919dee047e8752 with issues: User.jenkins.io "x-0" is invalid: metadata.labels: Invalid value: "-0": a valid label must be an empty string or consist of alphanumeric characters, '-', '_' or '.', and must start and end with an alphanumeric character (e.g. 'MyValue',  or 'my_value',  or '12345', regex used for validation is '(([A-Za-z0-9][-A-Za-z0-9_.]*)?[A-Za-z0-9])?')
Associating user x-0 in users.jenkins.io with email c**d-bot@cloudbees.com to git GitProvider user with login -0 as emails match
Adding label jenkins.io/git-github-userid=-0 to user x-0 in users.jenkins.io
WARNING: Failed to enrich commit 548338562f6196873d63c9a572919dee047e8752 with issues: User.jenkins.io "x-0" is invalid: metadata.labels: Invalid value: "-0": a valid label must be an empty string or consist of alphanumeric characters, '-', '_' or '.', and must start and end with an alphanumeric character (e.g. 'MyValue',  or 'my_value',  or '12345', regex used for validation is '(([A-Za-z0-9][-A-Za-z0-9_.]*)?[A-Za-z0-9])?')
Finding issues in commit messages using git format
WARNING: No release found for cb-kubecd/bdd-gh-1588864452 and tag v0.0.1 so creating a new release
Updated the release information at https://github.com/cb-kubecd/bdd-gh-1588864452/releases/tag/v0.0.1
generated: /workspace/source/charts/bdd-gh-1588864452/templates/release.yaml
Created Release bdd-gh-1588864452-0-0-1 resource in namespace **
Updating PipelineActivity cb-kubecd-bdd-gh-1588864452-master-1 with version 0.0.1
Updated PipelineActivities cb-kubecd-bdd-gh-1588864452-master-1 with release notes URL: https://github.com/cb-kubecd/bdd-gh-1588864452/releases/tag/v0.0.1

Showing logs for build [32mcb-kubecd-bdd-gh-1588864452-mas-fp697-1[0m stage [32mfrom-build-pack[0m and container [32mstep-promote-helm-release[0m
WARNING: No $CHART_REPOSITORY defined so using the default value of: http://jenkins-x-chartmuseum:8080
Adding missing Helm repo: storage.googleapis.com https://storage.googleapis.com/chartmuseum.jenkins-x.io
WARNING: No secrets found on "helm/repos" due: reading the secret "helm/repos" from vault: no secret "helm/repos" not found in vault
Read credentials for https://storage.googleapis.com/chartmuseum.jenkins-x.io from vault helm/repos
Successfully added Helm repository storage.googleapis.com.
Adding missing Helm repo: jenkins-x-chartmuseum http://jenkins-x-chartmuseum:8080
WARNING: No secrets found on "helm/repos" due: reading the secret "helm/repos" from vault: no secret "helm/repos" not found in vault
Read credentials for http://jenkins-x-chartmuseum:8080 from vault helm/repos
Successfully added Helm repository jenkins-x-chartmuseum.
WARNING: No $CHART_REPOSITORY defined so using the default value of: http://jenkins-x-chartmuseum:8080
Uploading chart file bdd-gh-1588864452-0.0.1.tgz to http://jenkins-x-chartmuseum:8080/api/charts
Received 201 response: {"saved":true}

Showing logs for build [32mcb-kubecd-bdd-gh-1588864452-mas-fp697-1[0m stage [32mfrom-build-pack[0m and container [32mstep-promote-jx-promote[0m
WARNING: prow based install so skip waiting for the merge of Pull Requests to go green as currently there is an issue with gettingstatuses from the PR, see https://github.com/jenkins-x/**/issues/2410
WARNING: No $CHART_REPOSITORY defined so using the default value of: http://jenkins-x-chartmuseum:8080
Promoting app bdd-gh-1588864452 version 0.0.1 to namespace **-staging
WARNING: 
Created Pull Request: https://github.com/cb-kubecd/environment-pr-215-7-boot-eks-staging/pull/4
Added label updatebot to Pull Request https://github.com/cb-kubecd/environment-pr-215-7-boot-eks-staging/pull/4
Pull Request https://github.com/cb-kubecd/environment-pr-215-7-boot-eks-staging/pull/4 is merged at sha 2eff50c097a73de1d3dc7febd2fc74081fd0ab11
Pull Request merged but we are not waiting for the update pipeline to complete!
